  GameEngine.cpp
C:\Users\Doctor14\Desktop\SoftwareDev\С++\Checkers_C-\Checkers\GameEngine.cpp(390,55): warning C4267: 'argument': conversion from 'size_t' to 'const T', possible loss of data
          with
          [
              T=ushort
          ]
C:\Users\Doctor14\Desktop\SoftwareDev\С++\Checkers_C-\Checkers\GameEngine.cpp(574,55): warning C4267: 'argument': conversion from 'size_t' to 'const T', possible loss of data
          with
          [
              T=ushort
          ]
C:\Users\Doctor14\Desktop\SoftwareDev\С++\Checkers_C-\Checkers\GameEngine.cpp(578,28): warning C4267: '=': conversion from 'size_t' to 'ushort', possible loss of data
C:\Users\Doctor14\Desktop\SoftwareDev\С++\Checkers_C-\Checkers\GameEngine.cpp(580,28): warning C4267: '=': conversion from 'size_t' to 'ushort', possible loss of data
C:\Users\Doctor14\Desktop\SoftwareDev\С++\Checkers_C-\Checkers\GameEngine.cpp(598,14): warning C4267: '=': conversion from 'size_t' to 'ushort', possible loss of data
C:\Users\Doctor14\Desktop\SoftwareDev\С++\Checkers_C-\Checkers\GameEngine.cpp(1297,32): warning C4267: 'return': conversion from 'size_t' to 'int', possible loss of data
C:\Users\Doctor14\Desktop\SoftwareDev\С++\Checkers_C-\Checkers\GameEngine.cpp(1474,46): warning C4267: '=': conversion from 'size_t' to 'int', possible loss of data
C:\Users\Doctor14\Desktop\SoftwareDev\С++\Checkers_C-\Checkers\GameEngine.cpp(1839,82): warning C4267: 'argument': conversion from 'size_t' to 'const T', possible loss of data
          with
          [
              T=ushort
          ]
C:\Users\Doctor14\Desktop\SoftwareDev\С++\Checkers_C-\Checkers\GameEngine.cpp(1874,19): warning C4838: conversion from 'ushort' to 'short' requires a narrowing conversion
C:\Users\Doctor14\Desktop\SoftwareDev\С++\Checkers_C-\Checkers\GameEngine.cpp(1874,30): warning C4838: conversion from 'ushort' to 'short' requires a narrowing conversion
C:\Users\Doctor14\Desktop\SoftwareDev\С++\Checkers_C-\Checkers\GameEngine.cpp(2182,20): warning C4267: '=': conversion from 'size_t' to 'int', possible loss of data
C:\Users\Doctor14\Desktop\SoftwareDev\С++\Checkers_C-\Checkers\GameEngine.cpp(2114,7): warning C4101: 'prevColor': unreferenced local variable
C:\Users\Doctor14\Desktop\SoftwareDev\С++\Checkers_C-\Checkers\GameEngine.cpp(2391,37): warning C4267: 'initializing': conversion from 'size_t' to 'int', possible loss of data
C:\Users\Doctor14\Desktop\SoftwareDev\С++\Checkers_C-\Checkers\GameEngine.cpp(2405,28): warning C4267: '=': conversion from 'size_t' to 'int', possible loss of data
C:\Users\Doctor14\Desktop\SoftwareDev\С++\Checkers_C-\Checkers\v_math.h(242,65): warning C4244: 'argument': conversion from 'int' to 'float', possible loss of data
C:\Users\Doctor14\Desktop\SoftwareDev\С++\Checkers_C-\Checkers\v_math.h(241): message : while compiling class template member function 'double vector_math::Vector<short>::GetLength(void) const'
C:\Users\Doctor14\Desktop\SoftwareDev\С++\Checkers_C-\Checkers\v_math.h(132): message : see reference to function template instantiation 'double vector_math::Vector<short>::GetLength(void) const' being compiled
C:\Users\Doctor14\Desktop\SoftwareDev\С++\Checkers_C-\Checkers\GameEngine.h(310): message : see reference to class template instantiation 'vector_math::Vector<short>' being compiled
C:\Users\Doctor14\Desktop\SoftwareDev\С++\Checkers_C-\Checkers\GameEngine.cpp(715): warning C4715: 'game_engine_core::Main_Game_logic::OutOfBorders': not all control paths return a value
C:\Users\Doctor14\Desktop\SoftwareDev\С++\Checkers_C-\Checkers\GameEngine.cpp(2282): warning C4715: 'game_engine_core::GameController::Initialize': not all control paths return a value
C:\Users\Doctor14\Desktop\SoftwareDev\С++\Checkers_C-\Checkers\DataStructures.h(958): warning C4172: returning address of local variable or temporary
C:\Users\Doctor14\Desktop\SoftwareDev\С++\Checkers_C-\Checkers\DataStructures.h(958): warning C4172: returning address of local variable or temporary
  Checkers.vcxproj -> C:\Users\Doctor14\Desktop\SoftwareDev\С++\Checkers_C-\x64\Debug\Checkers.exe
